Information: Updating design information... (UID-85)
Warning: Design 'mips' contains 1 high-fanout nets. A fanout number of 1000 will be used for delay calculations involving these nets. (TIM-134)
 
****************************************
Report : timing
        -path full
        -delay min
        -max_paths 1
Design : mips
Version: K-2015.06-SP1
Date   : Sat May  9 16:14:40 2020
****************************************

 # A fanout number of 1000 was used for high fanout net computations.

Operating Conditions: fast   Library: NangateOpenCellLibrary_PDKv1_2_v2008_10_fast_nldm
Wire Load Model Mode: top

  Startpoint: ex_mem_ff/regwriteM_reg
              (rising edge-triggered flip-flop clocked by clk)
  Endpoint: mem_wb_ff/regwriteW_reg
            (rising edge-triggered flip-flop clocked by clk)
  Path Group: clk
  Path Type: min

  Point                                                   Incr       Path
  --------------------------------------------------------------------------
  clock clk (rise edge)                                 0.0000     0.0000
  clock network delay (ideal)                           0.0000     0.0000
  ex_mem_ff/regwriteM_reg/CK (SDFF_X2)                  0.0000     0.0000 r
  ex_mem_ff/regwriteM_reg/QN (SDFF_X2)                  0.0607     0.0607 r
  U6489/ZN (NOR2_X2)                                    0.0108     0.0715 f
  mem_wb_ff/regwriteW_reg/D (DFF_X2)                    0.0000     0.0715 f
  data arrival time                                                0.0715

  clock clk (rise edge)                                 0.0000     0.0000
  clock network delay (ideal)                           0.0000     0.0000
  clock uncertainty                                     0.0500     0.0500
  mem_wb_ff/regwriteW_reg/CK (DFF_X2)                   0.0000     0.0500 r
  library hold time                                     0.0003     0.0503
  data required time                                               0.0503
  --------------------------------------------------------------------------
  data required time                                               0.0503
  data arrival time                                               -0.0715
  --------------------------------------------------------------------------
  slack (MET)                                                      0.0212


1
