Information: Updating design information... (UID-85)
Warning: Design 'mips' contains 1 high-fanout nets. A fanout number of 1000 will be used for delay calculations involving these nets. (TIM-134)
 
****************************************
Report : timing
        -path full
        -delay max
        -max_paths 1
Design : mips
Version: K-2015.06-SP1
Date   : Sat May  9 16:14:30 2020
****************************************

 # A fanout number of 1000 was used for high fanout net computations.

Operating Conditions: slow   Library: NangateOpenCellLibrary_PDKv1_2_v2008_10_slow_nldm
Wire Load Model Mode: top

  Startpoint: id_comb/rf/rf_reg[15][5]
              (rising edge-triggered flip-flop clocked by clk')
  Endpoint: pc_if_ff/pcF_reg[3]
            (rising edge-triggered flip-flop clocked by clk)
  Path Group: clk
  Path Type: max

  Point                                                   Incr       Path
  --------------------------------------------------------------------------
  clock clk' (rise edge)                                5.0000     5.0000
  clock network delay (ideal)                           0.0000     5.0000
  id_comb/rf/rf_reg[15][5]/CK (DFF_X2)                  0.0000 #   5.0000 r
  id_comb/rf/rf_reg[15][5]/QN (DFF_X2)                  0.3872     5.3872 r
  U3329/ZN (INV_X2)                                     0.0404     5.4277 f
  U3328/ZN (NAND2_X2)                                   0.0754     5.5031 r
  U3324/ZN (NAND2_X2)                                   0.0697     5.5728 f
  U3331/ZN (AOI221_X2)                                  0.4576     6.0304 r
  U3202/ZN (AND2_X2)                                    0.2292     6.2596 r
  U3332/ZN (OAI22_X2)                                   0.0963     6.3559 f
  U3353/ZN (AOI221_X2)                                  0.4891     6.8450 r
  U3356/ZN (AND2_X2)                                    0.2094     7.0544 r
  U3354/ZN (OAI22_X2)                                   0.1177     7.1720 f
  id_comb/sub_80/A[5] (mips_DW01_sub_2)                 0.0000     7.1720 f
  id_comb/sub_80/U433/ZN (NOR2_X1)                      0.2466     7.4186 r
  id_comb/sub_80/U425/ZN (NOR2_X2)                      0.1023     7.5209 f
  id_comb/sub_80/U289/ZN (NAND2_X2)                     0.1190     7.6399 r
  id_comb/sub_80/U288/ZN (OAI21_X4)                     0.1006     7.7405 f
  id_comb/sub_80/U413/ZN (AOI21_X2)                     0.1917     7.9322 r
  id_comb/sub_80/U412/ZN (INV_X4)                       0.0938     8.0260 f
  id_comb/sub_80/U424/ZN (INV_X16)                      0.1009     8.1269 r
  id_comb/sub_80/U389/ZN (OAI21_X4)                     0.0661     8.1930 f
  id_comb/sub_80/U388/ZN (XNOR2_X2)                     0.2474     8.4404 f
  id_comb/sub_80/DIFF[19] (mips_DW01_sub_2)             0.0000     8.4404 f
  U3395/ZN (NOR2_X2)                                    0.1669     8.6073 r
  U3393/ZN (NAND2_X2)                                   0.0888     8.6961 f
  U3384/ZN (NOR3_X4)                                    0.2931     8.9892 r
  U3396/ZN (NAND3_X2)                                   0.1068     9.0960 f
  U3398/ZN (NAND2_X4)                                   0.1208     9.2168 r
  U3270/ZN (AOI21_X4)                                   0.1326     9.3494 f
  U3255/ZN (INV_X32)                                    0.1265     9.4759 r
  U8317/ZN (OAI22_X2)                                   0.1036     9.5795 f
  U8318/ZN (AOI221_X2)                                  0.4881    10.0676 r
  U4484/ZN (INV_X2)                                     0.0619    10.1296 f
  pc_if_ff/pcF_reg[3]/D (DFF_X2)                        0.0000    10.1296 f
  data arrival time                                               10.1296

  clock clk (rise edge)                                10.0000    10.0000
  clock network delay (ideal)                           0.0000    10.0000
  clock uncertainty                                    -0.0500     9.9500
  pc_if_ff/pcF_reg[3]/CK (DFF_X2)                       0.0000     9.9500 r
  library setup time                                   -0.3146     9.6354
  data required time                                               9.6354
  --------------------------------------------------------------------------
  data required time                                               9.6354
  data arrival time                                              -10.1296
  --------------------------------------------------------------------------
  slack (VIOLATED)                                                -0.4942


1
